<?xml version="1.0" encoding="UTF-8"?>
<!-- Generated by org.testng.reporters.JUnitXMLReporter -->
<testsuite ignored="1" hostname="DESKTOP-MD06342" failures="0" tests="1" name="Default test" time="23.934" errors="0" timestamp="2025-01-28T22:11:55 IST">
  <testcase classname="testCases.scenerio2to5" name="testscenerio2" time="20.111"/>
  <testcase classname="testCases.TestCases" name="registerUser" time="0.0">
    <ignored/>
  </testcase> <!-- registerUser -->
</testsuite> <!-- Default test -->
