<?xml version="1.0" encoding="UTF-8"?>
<!-- Generated by org.testng.reporters.JUnitXMLReporter -->
<testsuite ignored="5" hostname="DESKTOP-MD06342" failures="0" tests="2" name="Test" time="19.516" errors="0" timestamp="2025-03-11T19:17:41 IST">
  <testcase classname="testCases.march10" name="parallel1" time="9.929"/>
  <testcase classname="testCases.march10" name="parallel2" time="16.396"/>
  <testcase classname="testCases.question2" name="tab" time="0.0">
    <ignored/>
  </testcase> <!-- tab -->
  <testcase classname="testCases.question3" name="testcase" time="0.0">
    <ignored/>
  </testcase> <!-- testcase -->
  <testcase classname="testCases.scenerio2to5" name="scenerio3" time="0.0">
    <ignored/>
  </testcase> <!-- scenerio3 -->
  <testcase classname="testCases.scenerio2to5" name="testscenerio2" time="0.0">
    <ignored/>
  </testcase> <!-- testscenerio2 -->
  <testcase classname="testCases.TestCases" name="registerUser" time="0.0">
    <ignored/>
  </testcase> <!-- registerUser -->
</testsuite> <!-- Test -->
