<?xml version="1.0" encoding="UTF-8"?>
<testng-results ignored="0" total="1" passed="1" failed="0" skipped="0">
  <reporter-output>
  </reporter-output>
  <suite started-at="2025-01-20T19:16:37 IST" name="Default suite" finished-at="2025-01-20T19:17:22 IST" duration-ms="45128">
    <groups>
    </groups>
    <test started-at="2025-01-20T19:16:37 IST" name="Default test" finished-at="2025-01-20T19:17:22 IST" duration-ms="45128">
      <class name="testCases.TestCases">
        <test-method is-config="true" signature="setup()[pri:0, instance:testCases.TestCases@4c163e3]" started-at="2025-01-20T19:16:37 IST" name="setup" finished-at="2025-01-20T19:16:39 IST" duration-ms="2667" status="PASS">
          <reporter-output>
          </reporter-output>
        </test-method> <!-- setup -->
        <test-method signature="registerUser()[pri:0, instance:testCases.TestCases@4c163e3]" started-at="2025-01-20T19:16:39 IST" name="registerUser" finished-at="2025-01-20T19:17:21 IST" duration-ms="41880" status="PASS">
          <reporter-output>
          </reporter-output>
        </test-method> <!-- registerUser -->
        <test-method is-config="true" signature="down()[pri:0, instance:testCases.TestCases@4c163e3]" started-at="2025-01-20T19:17:21 IST" name="down" finished-at="2025-01-20T19:17:22 IST" duration-ms="447" status="PASS">
          <reporter-output>
          </reporter-output>
        </test-method> <!-- down -->
      </class> <!-- testCases.TestCases -->
    </test> <!-- Default test -->
  </suite> <!-- Default suite -->
</testng-results>
