<?xml version="1.0" encoding="UTF-8"?>
<testng-results ignored="0" total="1" passed="1" failed="0" skipped="0">
  <reporter-output>
  </reporter-output>
  <suite started-at="2025-02-15T11:38:39 IST" name="Default suite" finished-at="2025-02-15T11:38:57 IST" duration-ms="18814">
    <groups>
    </groups>
    <test started-at="2025-02-15T11:38:39 IST" name="Default test" finished-at="2025-02-15T11:38:57 IST" duration-ms="18814">
      <class name="testCases.question1">
        <test-method signature="question1()[pri:0, instance:testCases.question1@4a83a74a]" started-at="2025-02-15T11:38:39 IST" name="question1" finished-at="2025-02-15T11:38:57 IST" duration-ms="18718" status="PASS">
          <reporter-output>
          </reporter-output>
        </test-method> <!-- question1 -->
      </class> <!-- testCases.question1 -->
    </test> <!-- Default test -->
  </suite> <!-- Default suite -->
</testng-results>
